This is pdfTeX, Version 3.141592653-2.6-1.40.25 (TeX Live 2023) (preloaded format=latex 2023.10.31)  3 NOV 2023 19:05
entering extended mode
 restricted \write18 enabled.
 %&-line parsing enabled.
**thesis-info.tex
(./thesis-info.tex
LaTeX2e <2023-06-01> patch level 1
L3 programming layer <2023-10-23>
! Undefined control sequence.
l.9 \subtitle
             {Do they fit together? Ha ha}
? 

! LaTeX Error: Missing \begin{document}.

See the LaTeX manual or LaTeX Companion for explanation.
Type  H <return>  for immediate help.
 ...                                              
                                                  
l.9 \subtitle{D
               o they fit together? Ha ha}
? make clean
Type <return> to proceed, S to scroll future error messages,
R to run without stopping, Q to run quietly,
I to insert something, E to edit your file,
1 or ... or 9 to ignore the next 1 to 9 tokens of input,
H for help, X to quit.
? 
Missing character: There is no D in font nullfont!
Missing character: There is no o in font nullfont!
Missing character: There is no t in font nullfont!
Missing character: There is no h in font nullfont!
Missing character: There is no e in font nullfont!
Missing character: There is no y in font nullfont!
Missing character: There is no f in font nullfont!
Missing character: There is no i in font nullfont!
Missing character: There is no t in font nullfont!
Missing character: There is no t in font nullfont!
Missing character: There is no o in font nullfont!
Missing character: There is no g in font nullfont!
Missing character: There is no e in font nullfont!
Missing character: There is no t in font nullfont!
Missing character: There is no h in font nullfont!
Missing character: There is no e in font nullfont!
Missing character: There is no r in font nullfont!
Missing character: There is no ? in font nullfont!
Missing character: There is no H in font nullfont!
Missing character: There is no a in font nullfont!
Missing character: There is no h in font nullfont!
Missing character: There is no a in font nullfont!

Overfull \hbox (20.0pt too wide) in paragraph at lines 9--10
[]
 []

! Undefined control sequence.
l.15 \dept
          {Department of Pathology}
? 
! Emergency stop.
l.15 
     
End of file on the terminal!

 
Here is how much of TeX's memory you used:
 16 strings out of 474399
 399 string characters out of 5754231
 1923033 words of memory out of 5000000
 22194 multiletter control sequences out of 15000+600000
 558069 words of font info for 36 fonts, out of 8000000 for 9000
 1141 hyphenation exceptions out of 8191
 15i,0n,20p,127b,18s stack positions out of 10000i,1000n,20000p,200000b,200000s
No pages of output.
